C:\Program Files (x86)\Microsoft Visual Studio\2019\Community\MSBuild\Microsoft\VC\v160\Microsoft.CppBuild.targets(513,5): warning MSB8028: The intermediate directory (Debug\) contains files shared from another project (SFML_Life.vcxproj, SFML_Life_1.vcxproj, SFML_Points.vcxproj, SFML_Test.vcxproj).  This can lead to incorrect clean and rebuild behavior.
  InputManagement.cpp
D:\I\S\U2\OOP\SFML\Assignment2\SFML_2\InputManagement.cpp(41,21): warning C4305: '-=': truncation from 'double' to 'float'
D:\I\S\U2\OOP\SFML\Assignment2\SFML_2\InputManagement.cpp(44,41): warning C4244: 'argument': conversion from 'float' to 'const unsigned int', possible loss of data
D:\I\S\U2\OOP\SFML\Assignment2\SFML_2\InputManagement.cpp(44,60): warning C4244: 'argument': conversion from 'float' to 'const unsigned int', possible loss of data
D:\I\S\U2\OOP\SFML\Assignment2\SFML_2\InputManagement.cpp(54,21): warning C4305: '+=': truncation from 'double' to 'float'
D:\I\S\U2\OOP\SFML\Assignment2\SFML_2\InputManagement.cpp(57,41): warning C4244: 'argument': conversion from 'float' to 'const unsigned int', possible loss of data
D:\I\S\U2\OOP\SFML\Assignment2\SFML_2\InputManagement.cpp(57,60): warning C4244: 'argument': conversion from 'float' to 'const unsigned int', possible loss of data
D:\I\S\U2\OOP\SFML\Assignment2\SFML_2\InputManagement.cpp(67,21): warning C4305: '-=': truncation from 'double' to 'float'
D:\I\S\U2\OOP\SFML\Assignment2\SFML_2\InputManagement.cpp(70,28): warning C4244: 'argument': conversion from 'float' to 'const unsigned int', possible loss of data
D:\I\S\U2\OOP\SFML\Assignment2\SFML_2\InputManagement.cpp(70,60): warning C4244: 'argument': conversion from 'float' to 'const unsigned int', possible loss of data
D:\I\S\U2\OOP\SFML\Assignment2\SFML_2\InputManagement.cpp(80,21): warning C4305: '+=': truncation from 'double' to 'float'
D:\I\S\U2\OOP\SFML\Assignment2\SFML_2\InputManagement.cpp(83,28): warning C4244: 'argument': conversion from 'float' to 'const unsigned int', possible loss of data
D:\I\S\U2\OOP\SFML\Assignment2\SFML_2\InputManagement.cpp(83,60): warning C4244: 'argument': conversion from 'float' to 'const unsigned int', possible loss of data
D:\I\S\U2\OOP\SFML\Assignment2\SFML_2\InputManagement.cpp(89,40): warning C4244: 'argument': conversion from 'float' to 'const unsigned int', possible loss of data
D:\I\S\U2\OOP\SFML\Assignment2\SFML_2\InputManagement.cpp(89,59): warning C4244: 'argument': conversion from 'float' to 'const unsigned int', possible loss of data
D:\I\S\U2\OOP\SFML\Assignment2\SFML_2\InputManagement.cpp(91,22): warning C4305: '-=': truncation from 'double' to 'float'
D:\I\S\U2\OOP\SFML\Assignment2\SFML_2\InputManagement.cpp(100,40): warning C4244: 'argument': conversion from 'float' to 'const unsigned int', possible loss of data
D:\I\S\U2\OOP\SFML\Assignment2\SFML_2\InputManagement.cpp(100,59): warning C4244: 'argument': conversion from 'float' to 'const unsigned int', possible loss of data
D:\I\S\U2\OOP\SFML\Assignment2\SFML_2\InputManagement.cpp(102,22): warning C4305: '+=': truncation from 'double' to 'float'
D:\I\S\U2\OOP\SFML\Assignment2\SFML_2\InputManagement.cpp(113,27): warning C4244: 'argument': conversion from 'float' to 'const unsigned int', possible loss of data
D:\I\S\U2\OOP\SFML\Assignment2\SFML_2\InputManagement.cpp(113,59): warning C4244: 'argument': conversion from 'float' to 'const unsigned int', possible loss of data
D:\I\S\U2\OOP\SFML\Assignment2\SFML_2\InputManagement.cpp(115,22): warning C4305: '-=': truncation from 'double' to 'float'
D:\I\S\U2\OOP\SFML\Assignment2\SFML_2\InputManagement.cpp(124,27): warning C4244: 'argument': conversion from 'float' to 'const unsigned int', possible loss of data
D:\I\S\U2\OOP\SFML\Assignment2\SFML_2\InputManagement.cpp(124,59): warning C4244: 'argument': conversion from 'float' to 'const unsigned int', possible loss of data
D:\I\S\U2\OOP\SFML\Assignment2\SFML_2\InputManagement.cpp(126,22): warning C4305: '+=': truncation from 'double' to 'float'
  SFML_Game.vcxproj -> D:\I\S\U2\OOP\SFML\Assignment2\Debug\SFMLAssignmentGame.exe
